<?xml version="1.0" encoding="UTF-8"?>
<!-- Generated by org.testng.reporters.JUnitReportReporter -->
<testsuite skipped="0" hostname="Hema" name="DataDriven.Dataprovider" tests="3" failures="0" timestamp="09 Mar 2019 06:26:55 GMT" time="40.020" errors="0">
  <testcase name="dataprovider" time="13.791" classname="DataDriven.Dataprovider"/>
  <testcase name="dataprovider" time="11.073" classname="DataDriven.Dataprovider"/>
  <testcase name="dataprovider" time="15.156" classname="DataDriven.Dataprovider"/>
</testsuite> <!-- DataDriven.Dataprovider -->
