<?xml version="1.0" encoding="UTF-8"?>
<!-- Generated by org.testng.reporters.JUnitReportReporter -->
<testsuite skipped="0" hostname="Hema" name="Selenium.Testngframework.TestngAnnotations" tests="2" failures="0" timestamp="24 Feb 2019 06:19:09 GMT" time="0.011" errors="0">
  <testcase name="gettitle" time="0.008" classname="Selenium.Testngframework.TestngAnnotations"/>
  <testcase name="newcompany" time="0.003" classname="Selenium.Testngframework.TestngAnnotations"/>
</testsuite> <!-- Selenium.Testngframework.TestngAnnotations -->
