<?xml version="1.0" encoding="UTF-8"?>
<!-- Generated by org.testng.reporters.JUnitReportReporter -->
<testsuite skipped="0" hostname="Hema" name="Selenium.Testngframework.TestngFearture" tests="1" failures="0" timestamp="02 Mar 2019 11:09:32 GMT" time="0.002" errors="0">
  <testcase name="loginurl" time="0.002" classname="Selenium.Testngframework.TestngFearture"/>
</testsuite> <!-- Selenium.Testngframework.TestngFearture -->
