<?xml version="1.0" encoding="UTF-8"?>
<!-- Generated by org.testng.reporters.JUnitReportReporter -->
<testsuite skipped="0" hostname="Hema" name="Selenium.Testngframework.TestngAnnotations" tests="2" failures="0" timestamp="02 Mar 2019 11:09:32 GMT" time="0.008" errors="0">
  <testcase name="gettitle" time="0.003" classname="Selenium.Testngframework.TestngAnnotations"/>
  <testcase name="newcompany" time="0.005" classname="Selenium.Testngframework.TestngAnnotations"/>
</testsuite> <!-- Selenium.Testngframework.TestngAnnotations -->
