<?xml version="1.0" encoding="UTF-8"?>
<!-- Generated by org.testng.reporters.JUnitReportReporter -->
<testsuite skipped="0" hostname="Hema" name="Selenium.Testngframework.InnovationCount" tests="10" failures="0" timestamp="02 Mar 2019 11:09:32 GMT" time="0.042" errors="0">
  <testcase name="test" time="0.014" classname="Selenium.Testngframework.InnovationCount"/>
  <testcase name="test" time="0.001" classname="Selenium.Testngframework.InnovationCount"/>
  <testcase name="test" time="0.002" classname="Selenium.Testngframework.InnovationCount"/>
  <testcase name="test" time="0.010" classname="Selenium.Testngframework.InnovationCount"/>
  <testcase name="test" time="0.003" classname="Selenium.Testngframework.InnovationCount"/>
  <testcase name="test" time="0.002" classname="Selenium.Testngframework.InnovationCount"/>
  <testcase name="test" time="0.002" classname="Selenium.Testngframework.InnovationCount"/>
  <testcase name="test" time="0.003" classname="Selenium.Testngframework.InnovationCount"/>
  <testcase name="test" time="0.003" classname="Selenium.Testngframework.InnovationCount"/>
  <testcase name="test" time="0.002" classname="Selenium.Testngframework.InnovationCount"/>
</testsuite> <!-- Selenium.Testngframework.InnovationCount -->
