<?xml version="1.0" encoding="UTF-8"?>
<!-- Generated by org.testng.reporters.JUnitReportReporter -->
<testsuite skipped="0" hostname="Hema" name="Parametertest.parametertest" tests="1" failures="0" timestamp="09 Mar 2019 05:52:11 GMT" time="15.434" errors="0">
  <testcase name="parameter" time="15.434" classname="Parametertest.parametertest"/>
</testsuite> <!-- Parametertest.parametertest -->
