<?xml version="1.0" encoding="UTF-8"?>
<!-- Generated by org.testng.reporters.JUnitReportReporter -->
<testsuite skipped="0" hostname="Hema" name="Parametertest.parametertest" tests="1" failures="0" timestamp="16 Mar 2019 08:12:57 GMT" time="41.682" errors="0">
  <testcase name="parameter" time="41.682" classname="Parametertest.parametertest"/>
</testsuite> <!-- Parametertest.parametertest -->
